Loaded module: cuda/12.2
/zhome/4e/b/208805/.local/lib/python3.9/site-packages/keras/src/layers/layer.py:358: UserWarning: `build()` was called on layer 'patch_encoder', however the layer does not have a `build()` method implemented and it looks like it has unbuilt state. This will cause the layer to be marked as built, despite not being actually built, which may cause failures down the line. Make sure to implement a proper `build()` method.
  warnings.warn(
  0%|          | 0/39532 [00:00<?, ?it/s]  0%|          | 16/39532 [00:00<04:14, 155.30it/s]  0%|          | 32/39532 [00:00<04:12, 156.60it/s]  0%|          | 48/39532 [00:00<04:12, 156.56it/s]  0%|          | 64/39532 [00:00<04:10, 157.38it/s]  0%|          | 80/39532 [00:00<04:12, 156.13it/s]  0%|          | 96/39532 [00:00<04:14, 155.06it/s]  0%|          | 112/39532 [00:00<04:13, 155.51it/s]  0%|          | 128/39532 [00:00<04:12, 156.18it/s]  0%|          | 144/39532 [00:00<04:12, 156.06it/s]  0%|          | 160/39532 [00:01<04:14, 155.00it/s]  0%|          | 176/39532 [00:01<04:14, 154.70it/s]  0%|          | 192/39532 [00:01<04:14, 154.82it/s]  1%|          | 208/39532 [00:01<04:14, 154.65it/s]  1%|          | 224/39532 [00:01<04:13, 154.82it/s]  1%|          | 241/39532 [00:01<04:10, 156.69it/s]  1%|          | 257/39532 [00:01<04:09, 157.35it/s]  1%|          | 273/39532 [00:01<04:10, 157.00it/s]  1%|          | 289/39532 [00:01<04:10, 156.81it/s]  1%|          | 305/39532 [00:01<04:09, 157.19it/s]  1%|          | 321/39532 [00:02<04:09, 157.45it/s]  1%|          | 337/39532 [00:02<04:09, 157.18it/s]  1%|          | 353/39532 [00:02<04:08, 157.82it/s]  1%|          | 369/39532 [00:02<04:08, 157.43it/s]  1%|          | 385/39532 [00:02<04:09, 156.74it/s]  1%|          | 401/39532 [00:02<04:10, 156.23it/s]  1%|          | 417/39532 [00:02<04:10, 156.32it/s]  1%|          | 433/39532 [00:02<04:10, 156.33it/s]  1%|          | 449/39532 [00:02<04:08, 156.96it/s]  1%|          | 465/39532 [00:02<04:07, 157.73it/s]  1%|          | 481/39532 [00:03<04:09, 156.78it/s]  1%|▏         | 497/39532 [00:03<04:10, 156.11it/s]  1%|▏         | 513/39532 [00:03<04:10, 156.02it/s]  1%|▏         | 529/39532 [00:03<04:08, 157.07it/s]  1%|▏         | 545/39532 [00:03<04:10, 155.44it/s]  1%|▏         | 561/39532 [00:03<04:09, 156.15it/s]  1%|▏         | 577/39532 [00:03<04:12, 154.40it/s]  2%|▏         | 593/39532 [00:03<04:10, 155.75it/s]  2%|▏         | 609/39532 [00:03<04:08, 156.53it/s]  2%|▏         | 625/39532 [00:03<04:08, 156.71it/s]  2%|▏         | 641/39532 [00:04<04:09, 155.74it/s]  2%|▏         | 657/39532 [00:04<04:11, 154.80it/s]  2%|▏         | 673/39532 [00:04<04:09, 156.00it/s]  2%|▏         | 689/39532 [00:04<04:09, 155.88it/s]  2%|▏         | 705/39532 [00:04<04:07, 156.84it/s]  2%|▏         | 721/39532 [00:04<04:07, 157.07it/s]  2%|▏         | 737/39532 [00:04<04:06, 157.11it/s]  2%|▏         | 753/39532 [00:04<04:07, 156.66it/s]  2%|▏         | 769/39532 [00:04<04:06, 157.08it/s]  2%|▏         | 786/39532 [00:05<04:05, 158.04it/s]  2%|▏         | 802/39532 [00:05<04:04, 158.22it/s]  2%|▏         | 818/39532 [00:05<04:06, 157.00it/s]  2%|▏         | 834/39532 [00:05<04:06, 157.12it/s]  2%|▏         | 850/39532 [00:05<04:05, 157.36it/s]  2%|▏         | 866/39532 [00:05<04:07, 155.92it/s]  2%|▏         | 882/39532 [00:05<04:07, 156.47it/s]  2%|▏         | 898/39532 [00:05<04:07, 156.18it/s]  2%|▏         | 914/39532 [00:05<04:07, 156.19it/s]  2%|▏         | 930/39532 [00:05<04:06, 156.85it/s]  2%|▏         | 946/39532 [00:06<04:06, 156.71it/s]  2%|▏         | 962/39532 [00:06<04:05, 156.81it/s]  2%|▏         | 978/39532 [00:06<04:06, 156.64it/s]  3%|▎         | 994/39532 [00:06<04:05, 156.72it/s]  3%|▎         | 1010/39532 [00:06<04:05, 156.95it/s]  3%|▎         | 1026/39532 [00:06<04:05, 156.86it/s]  3%|▎         | 1042/39532 [00:06<04:04, 157.18it/s]  3%|▎         | 1058/39532 [00:06<04:07, 155.56it/s]  3%|▎         | 1074/39532 [00:06<04:07, 155.64it/s]  3%|▎         | 1090/39532 [00:06<04:06, 156.15it/s]  3%|▎         | 1107/39532 [00:07<04:04, 157.17it/s]  3%|▎         | 1123/39532 [00:07<04:04, 157.19it/s]  3%|▎         | 1139/39532 [00:07<04:04, 156.86it/s]  3%|▎         | 1155/39532 [00:07<04:03, 157.48it/s]  3%|▎         | 1171/39532 [00:07<04:03, 157.76it/s]  3%|▎         | 1187/39532 [00:07<04:05, 155.96it/s]  3%|▎         | 1203/39532 [00:07<04:04, 156.73it/s]  3%|▎         | 1219/39532 [00:07<04:05, 156.36it/s]  3%|▎         | 1235/39532 [00:07<04:03, 157.11it/s]  3%|▎         | 1251/39532 [00:07<04:04, 156.88it/s]  3%|▎         | 1267/39532 [00:08<04:05, 155.72it/s]  3%|▎         | 1283/39532 [00:08<04:07, 154.75it/s]  3%|▎         | 1299/39532 [00:08<04:06, 155.00it/s]  3%|▎         | 1315/39532 [00:08<04:05, 155.59it/s]  3%|▎         | 1331/39532 [00:08<04:06, 155.05it/s]  3%|▎         | 1347/39532 [00:08<04:06, 155.14it/s]  3%|▎         | 1363/39532 [00:08<04:05, 155.17it/s]  3%|▎         | 1379/39532 [00:08<04:06, 155.05it/s]  4%|▎         | 1395/39532 [00:08<04:03, 156.36it/s]  4%|▎         | 1411/39532 [00:09<04:06, 154.69it/s]  4%|▎         | 1427/39532 [00:09<04:07, 153.88it/s]  4%|▎         | 1443/39532 [00:09<04:06, 154.55it/s]  4%|▎         | 1459/39532 [00:09<04:04, 155.98it/s]  4%|▎         | 1475/39532 [00:09<04:04, 155.66it/s]  4%|▍         | 1491/39532 [00:09<04:02, 156.61it/s]  4%|▍         | 1507/39532 [00:09<04:02, 156.89it/s]  4%|▍         | 1523/39532 [00:09<04:02, 156.61it/s]  4%|▍         | 1539/39532 [00:09<04:02, 156.83it/s]  4%|▍         | 1555/39532 [00:09<04:02, 156.30it/s]  4%|▍         | 1571/39532 [00:10<04:02, 156.76it/s]  4%|▍         | 1587/39532 [00:10<04:04, 155.46it/s]  4%|▍         | 1603/39532 [00:10<04:03, 155.81it/s]  4%|▍         | 1619/39532 [00:10<04:04, 154.79it/s]  4%|▍         | 1635/39532 [00:10<04:03, 155.57it/s]  4%|▍         | 1651/39532 [00:10<04:02, 156.35it/s]  4%|▍         | 1667/39532 [00:10<04:01, 156.73it/s]  4%|▍         | 1683/39532 [00:10<04:02, 155.77it/s]  4%|▍         | 1699/39532 [00:10<04:01, 156.64it/s]  4%|▍         | 1715/39532 [00:10<04:01, 156.29it/s]  4%|▍         | 1731/39532 [00:11<04:03, 155.54it/s]  4%|▍         | 1747/39532 [00:11<04:01, 156.55it/s]  4%|▍         | 1763/39532 [00:11<04:02, 156.05it/s]  5%|▍         | 1779/39532 [00:11<04:02, 155.59it/s]  5%|▍         | 1795/39532 [00:11<04:04, 154.39it/s]  5%|▍         | 1811/39532 [00:11<04:02, 155.75it/s]  5%|▍         | 1827/39532 [00:11<04:01, 155.99it/s]  5%|▍         | 1843/39532 [00:11<04:00, 156.78it/s]  5%|▍         | 1859/39532 [00:11<04:01, 156.06it/s]  5%|▍         | 1875/39532 [00:12<04:01, 155.90it/s]  5%|▍         | 1891/39532 [00:12<04:02, 155.52it/s]  5%|▍         | 1907/39532 [00:12<04:00, 156.32it/s]  5%|▍         | 1923/39532 [00:12<03:59, 157.31it/s]  5%|▍         | 1939/39532 [00:12<03:57, 158.10it/s]  5%|▍         | 1955/39532 [00:12<03:57, 158.04it/s]  5%|▍         | 1971/39532 [00:12<03:59, 156.83it/s]  5%|▌         | 1987/39532 [00:12<03:59, 156.77it/s]  5%|▌         | 2003/39532 [00:12<04:00, 155.80it/s]  5%|▌         | 2019/39532 [00:12<03:59, 156.43it/s]  5%|▌         | 2035/39532 [00:13<03:58, 156.97it/s]  5%|▌         | 2051/39532 [00:13<04:00, 156.02it/s]  5%|▌         | 2067/39532 [00:13<03:59, 156.36it/s]  5%|▌         | 2083/39532 [00:13<03:57, 157.41it/s]  5%|▌         | 2099/39532 [00:13<03:58, 157.14it/s]  5%|▌         | 2115/39532 [00:13<03:58, 156.98it/s]  5%|▌         | 2117/39532 [00:13<03:59, 156.31it/s]
Traceback (most recent call last):
  File "/zhome/4e/b/208805/.local/lib/python3.9/site-packages/pandas/core/indexes/base.py", line 3791, in get_loc
    return self._engine.get_loc(casted_key)
  File "index.pyx", line 152, in pandas._libs.index.IndexEngine.get_loc
  File "index.pyx", line 181, in pandas._libs.index.IndexEngine.get_loc
  File "pandas/_libs/hashtable_class_helper.pxi", line 2606, in pandas._libs.hashtable.Int64HashTable.get_item
  File "pandas/_libs/hashtable_class_helper.pxi", line 2630, in pandas._libs.hashtable.Int64HashTable.get_item
KeyError: 2117

The above exception was the direct cause of the following exception:

Traceback (most recent call last):
  File "/dtu/p1/johlau/LabelReliability_and_PathologyDetection_in_ChestXrays/ObjectDetection/get_object_preds.py", line 88, in <module>
    image=keras.utils.load_img(source_paths[i])
  File "/zhome/4e/b/208805/.local/lib/python3.9/site-packages/pandas/core/series.py", line 1040, in __getitem__
    return self._get_value(key)
  File "/zhome/4e/b/208805/.local/lib/python3.9/site-packages/pandas/core/series.py", line 1156, in _get_value
    loc = self.index.get_loc(label)
  File "/zhome/4e/b/208805/.local/lib/python3.9/site-packages/pandas/core/indexes/base.py", line 3798, in get_loc
    raise KeyError(key) from err
KeyError: 2117
